GlassShiDai1/app/build/outputs/logs/manifest-merger-debug-report.txt
-- Merging decision tree log ---
manifest
ADDED from src\main\AndroidManifest.xml:2:1-68:12
	package
		ADDED from src\main\AndroidManifest.xml:3:5-41
		INJECTED from src\main\AndroidManifest.xml
		INJECTED from src\main\AndroidManifest.xml
	android:versionName
		ADDED from src\main\AndroidManifest.xml:5:5-30
		INJECTED from src\main\AndroidManifest.xml
		INJECTED from src\main\AndroidManifest.xml
	android:versionCode
		ADDED from src\main\AndroidManifest.xml:4:5-28
		INJECTED from src\main\AndroidManifest.xml
		INJECTED from src\main\AndroidManifest.xml
	xmlns:android
		ADDED from src\main\AndroidManifest.xml:2:11-69
uses-sdk
ADDED from src\main\AndroidManifest.xml:7:5-9:41
MERGED from [com.android.support.constraint:constraint-layout:1.0.0] AndroidManifest.xml:5:5-7:41
MERGED from [com.google.android.gms:play-services-appindexing:8.4.0] AndroidManifest.xml:18:5-42
MERGED from [com.google.android.gms:play-services-base:8.4.0] AndroidManifest.xml:18:5-42
MERGED from [com.google.android.gms:play-services-basement:8.4.0] AndroidManifest.xml:18:5-42
MERGED from [com.android.support:support-v4:24.1.0] AndroidManifest.xml:21:5-23:54
	tools:overrideLibrary
		ADDED from [com.android.support:support-v4:24.1.0] AndroidManifest.xml:23:9-51
	android:targetSdkVersion
		ADDED from src\main\AndroidManifest.xml:9:9-38
		INJECTED from src\main\AndroidManifest.xml
		INJECTED from src\main\AndroidManifest.xml
	android:minSdkVersion
		ADDED from src\main\AndroidManifest.xml:8:9-35
		INJECTED from src\main\AndroidManifest.xml
		INJECTED from src\main\AndroidManifest.xml
uses-permission#android.permission.ACCESS_NETWORK_STATE
ADDED from src\main\AndroidManifest.xml:10:5-78
	android:name
		ADDED from src\main\AndroidManifest.xml:10:22-76
uses-permission#android.permission.INTERNET
ADDED from src\main\AndroidManifest.xml:11:5-66
	android:name
		ADDED from src\main\AndroidManifest.xml:11:22-64
uses-permission#android.permission.MOUNT_UNMOUNT_FILESYSTEMS
ADDED from src\main\AndroidManifest.xml:13:2-80
	android:name
		ADDED from src\main\AndroidManifest.xml:13:19-78
uses-permission#android.permission.WRITE_EXTERNAL_STORAGE
ADDED from src\main\AndroidManifest.xml:14:2-77
	android:name
		ADDED from src\main\AndroidManifest.xml:14:19-75
uses-permission#android.permission.CAMERA
ADDED from src\main\AndroidManifest.xml:16:2-62
	android:name
		ADDED from src\main\AndroidManifest.xml:16:19-59
uses-feature#android.hardware.camera
ADDED from src\main\AndroidManifest.xml:17:2-57
	android:name
		ADDED from src\main\AndroidManifest.xml:17:16-54
uses-feature#android.hardware.camera.autofocus
ADDED from src\main\AndroidManifest.xml:18:2-67
	android:name
		ADDED from src\main\AndroidManifest.xml:18:16-64
application
ADDED from src\main\AndroidManifest.xml:19:5-66:19
MERGED from [com.android.support.constraint:constraint-layout:1.0.0] AndroidManifest.xml:9:5-20
MERGED from [com.google.android.gms:play-services-appindexing:8.4.0] AndroidManifest.xml:19:5-20
MERGED from [com.google.android.gms:play-services-basement:8.4.0] AndroidManifest.xml:20:5-24:19
MERGED from [com.android.support:support-v4:24.1.0] AndroidManifest.xml:25:5-20
	android:label
		ADDED from src\main\AndroidManifest.xml:23:9-36
	android:allowBackup
		ADDED from src\main\AndroidManifest.xml:21:9-35
	android:icon
		ADDED from src\main\AndroidManifest.xml:22:9-45
	android:theme
		ADDED from src\main\AndroidManifest.xml:24:9-40
	android:name
		ADDED from src\main\AndroidManifest.xml:20:9-54
activity#com.example.localmokuai.DaohangActivity
ADDED from src\main\AndroidManifest.xml:25:9-32:20
	android:label
		ADDED from src\main\AndroidManifest.xml:27:13-40
	android:name
		ADDED from src\main\AndroidManifest.xml:26:13-67
intent-filter#android.intent.action.MAIN+android.intent.category.LAUNCHER
ADDED from src\main\AndroidManifest.xml:28:13-31:29
action#android.intent.action.MAIN
ADDED from src\main\AndroidManifest.xml:29:17-69
	android:name
		ADDED from src\main\AndroidManifest.xml:29:25-66
category#android.intent.category.LAUNCHER
ADDED from src\main\AndroidManifest.xml:30:17-77
	android:name
		ADDED from src\main\AndroidManifest.xml:30:27-74
activity#com.example.localmokuai.GlassActivity
ADDED from src\main\AndroidManifest.xml:34:9-37:20
	android:label
		ADDED from src\main\AndroidManifest.xml:36:13-40
	android:name
		ADDED from src\main\AndroidManifest.xml:35:13-65
activity#com.example.wangluomokuai.GlassActivity1
ADDED from src\main\AndroidManifest.xml:38:12-41:20
	android:label
		ADDED from src\main\AndroidManifest.xml:40:13-40
	android:name
		ADDED from src\main\AndroidManifest.xml:39:13-68
activity#com.example.wangluomokuai.ShiDaiActivity
ADDED from src\main\AndroidManifest.xml:42:17-45:20
	android:label
		ADDED from src\main\AndroidManifest.xml:44:13-40
	android:name
		ADDED from src\main\AndroidManifest.xml:43:13-68
activity#com.example.wangluomokuai.XiangQingActivity
ADDED from src\main\AndroidManifest.xml:46:15-49:20
	android:label
		ADDED from src\main\AndroidManifest.xml:48:13-40
	android:name
		ADDED from src\main\AndroidManifest.xml:47:13-71
activity#com.example.wangluomokuai.SelectPicActivity
ADDED from src\main\AndroidManifest.xml:50:10-53:20
	android:label
		ADDED from src\main\AndroidManifest.xml:52:13-40
	android:name
		ADDED from src\main\AndroidManifest.xml:51:13-71
activity#account.LoginActivity
ADDED from src\main\AndroidManifest.xml:54:9-57:20
	android:label
		ADDED from src\main\AndroidManifest.xml:56:13-40
	android:name
		ADDED from src\main\AndroidManifest.xml:55:13-49
activity#account.RegisterActivity
ADDED from src\main\AndroidManifest.xml:58:9-61:20
	android:label
		ADDED from src\main\AndroidManifest.xml:60:13-40
	android:name
		ADDED from src\main\AndroidManifest.xml:59:13-52
meta-data#com.google.android.gms.version
ADDED from src\main\AndroidManifest.xml:63:9-65:69
MERGED from [com.google.android.gms:play-services-basement:8.4.0] AndroidManifest.xml:21:9-23:69
	android:value
		ADDED from src\main\AndroidManifest.xml:65:13-66
	android:name
		ADDED from src\main\AndroidManifest.xml:64:13-58